Using pre-set license
Built from '2022.3/staging' branch; Version is '2022.3.50f1 (c3db7f8bf9b1) revision 12835711'; Using compiler version '192829333'; Build Type 'Release'
OS: 'Windows 10  (10.0.19045) 64bit Professional' Language: 'ru' Physical Memory: 16307 MB
BatchMode: 1, IsHumanControllingUs: 0, StartBugReporterOnCrash: 0, Is64bit: 1, IsPro: 1

COMMAND LINE ARGUMENTS:
C:\Program Files\Unity\Hub\Editor\2022.3.50f1\Editor\Unity.exe
-adb2
-batchMode
-noUpm
-name
AssetImportWorker1
-projectPath
C:/Unity/Car Driving Simulator
-logFile
Logs/AssetImportWorker1.log
-srvPort
52445
Successfully changed project path to: C:/Unity/Car Driving Simulator
C:/Unity/Car Driving Simulator
[UnityMemory] Configuration Parameters - Can be set up in boot.config
    "memorysetup-bucket-allocator-granularity=16"
    "memorysetup-bucket-allocator-bucket-count=8"
    "memorysetup-bucket-allocator-block-size=33554432"
    "memorysetup-bucket-allocator-block-count=8"
    "memorysetup-main-allocator-block-size=16777216"
    "memorysetup-thread-allocator-block-size=16777216"
    "memorysetup-gfx-main-allocator-block-size=16777216"
    "memorysetup-gfx-thread-allocator-block-size=16777216"
    "memorysetup-cache-allocator-block-size=4194304"
    "memorysetup-typetree-allocator-block-size=2097152"
    "memorysetup-profiler-bucket-allocator-granularity=16"
    "memorysetup-profiler-bucket-allocator-bucket-count=8"
    "memorysetup-profiler-bucket-allocator-block-size=33554432"
    "memorysetup-profiler-bucket-allocator-block-count=8"
    "memorysetup-profiler-allocator-block-size=16777216"
    "memorysetup-profiler-editor-allocator-block-size=1048576"
    "memorysetup-temp-allocator-size-main=16777216"
    "memorysetup-job-temp-allocator-block-size=2097152"
    "memorysetup-job-temp-allocator-block-size-background=1048576"
    "memorysetup-job-temp-allocator-reduction-small-platforms=262144"
    "memorysetup-allocator-temp-initial-block-size-main=262144"
    "memorysetup-allocator-temp-initial-block-size-worker=262144"
    "memorysetup-temp-allocator-size-background-worker=32768"
    "memorysetup-temp-allocator-size-job-worker=262144"
    "memorysetup-temp-allocator-size-preload-manager=33554432"
    "memorysetup-temp-allocator-size-nav-mesh-worker=65536"
    "memorysetup-temp-allocator-size-audio-worker=65536"
    "memorysetup-temp-allocator-size-cloud-worker=32768"
    "memorysetup-temp-allocator-size-gi-baking-worker=262144"
    "memorysetup-temp-allocator-size-gfx=262144"
Player connection [7716]  Target information:

Player connection [7716]  * "[IP] 26.177.72.174 [Port] 0 [Flags] 2 [Guid] 1564887442 [EditorId] 1564887442 [Version] 1048832 [Id] WindowsEditor(7,DESKTOP-IT67UII) [Debug] 1 [PackageName] WindowsEditor [ProjectName] Editor" 

Player connection [7716]  * "[IP] 10.5.26.183 [Port] 0 [Flags] 2 [Guid] 1564887442 [EditorId] 1564887442 [Version] 1048832 [Id] WindowsEditor(7,DESKTOP-IT67UII) [Debug] 1 [PackageName] WindowsEditor [ProjectName] Editor" 

Player connection [7716] Host joined multi-casting on [225.0.0.222:54997]...
Player connection [7716] Host joined alternative multi-casting on [225.0.0.222:34997]...
[PhysX] Initialized MultithreadedTaskDispatcher with 12 workers.
Refreshing native plugins compatible for Editor in 10.57 ms, found 3 plugins.
Preloading 0 native plugins for Editor in 0.00 ms.
Initialize engine version: 2022.3.50f1 (c3db7f8bf9b1)
[Subsystems] Discovering subsystems at path C:/Program Files/Unity/Hub/Editor/2022.3.50f1/Editor/Data/Resources/UnitySubsystems
[Subsystems] Discovering subsystems at path C:/Unity/Car Driving Simulator/Assets
GfxDevice: creating device client; threaded=0; jobified=0
Direct3D:
    Version:  Direct3D 11.0 [level 11.1]
    Renderer: NVIDIA GeForce RTX 4060 (ID=0x2882)
    Vendor:   NVIDIA
    VRAM:     7957 MB
    Driver:   32.0.15.6614
Initialize mono
Mono path[0] = 'C:/Program Files/Unity/Hub/Editor/2022.3.50f1/Editor/Data/Managed'
Mono path[1] = 'C:/Program Files/Unity/Hub/Editor/2022.3.50f1/Editor/Data/MonoBleedingEdge/lib/mono/unityjit-win32'
Mono config path = 'C:/Program Files/Unity/Hub/Editor/2022.3.50f1/Editor/Data/MonoBleedingEdge/etc'
Using monoOptions --debugger-agent=transport=dt_socket,embedding=1,server=y,suspend=n,address=127.0.0.1:56584
Begin MonoManager ReloadAssembly
Registering precompiled unity dll's ...
Register platform support module: C:/Program Files/Unity/Hub/Editor/2022.3.50f1/Editor/Data/PlaybackEngines/WindowsStandaloneSupport/UnityEditor.WindowsStandalone.Extensions.dll
Registered in 0.007119 seconds.
- Loaded All Assemblies, in  0.283 seconds
Native extension for WindowsStandalone target not found
Mono: successfully reloaded assembly
- Finished resetting the current domain, in  0.223 seconds
Domain Reload Profiling: 504ms
	BeginReloadAssembly (93ms)
		ExecutionOrderSort (0ms)
		DisableScriptedObjects (0ms)
		BackupInstance (0ms)
		ReleaseScriptingObjects (0ms)
		CreateAndSetChildDomain (1ms)
	RebuildCommonClasses (26ms)
	RebuildNativeTypeToScriptingClass (8ms)
	initialDomainReloadingComplete (49ms)
	LoadAllAssembliesAndSetupDomain (105ms)
		LoadAssemblies (91ms)
		RebuildTransferFunctionScriptingTraits (0ms)
		AnalyzeDomain (103ms)
			TypeCache.Refresh (102ms)
				TypeCache.ScanAssembly (92ms)
			ScanForSourceGeneratedMonoScriptInfo (0ms)
			ResolveRequiredComponents (0ms)
	FinalizeReload (223ms)
		ReleaseScriptCaches (0ms)
		RebuildScriptCaches (0ms)
		SetupLoadedEditorAssemblies (188ms)
			LogAssemblyErrors (0ms)
			InitializePlatformSupportModulesInManaged (8ms)
			SetLoadedEditorAssemblies (6ms)
			RefreshPlugins (0ms)
			BeforeProcessingInitializeOnLoad (2ms)
			ProcessInitializeOnLoadAttributes (125ms)
			ProcessInitializeOnLoadMethodAttributes (46ms)
			AfterProcessingInitializeOnLoad (0ms)
			EditorAssembliesLoaded (0ms)
		ExecutionOrderSort2 (0ms)
		AwakeInstancesAfterBackupRestoration (0ms)
========================================================================
Worker process is ready to serve import requests
Caller must complete domain reload
Begin MonoManager ReloadAssembly
- Loaded All Assemblies, in  0.581 seconds
Native extension for WindowsStandalone target not found
Package Manager log level set to [2]
[Package Manager] Server::EnsureServerProcessIsRunning -- launch failed, reason: Unity was launched with the -noUpm command-line argument
[Package Manager] UpmClient::Send -- Unable to send message (not connected to UPM process).
[Package Manager] Cannot connect to Unity Package Manager local server
[Package Manager] Server::EnsureServerProcessIsRunning -- launch failed, reason: Unity was launched with the -noUpm command-line argument
[Package Manager] UpmClient::Send -- Unable to send message (not connected to UPM process).
[Package Manager] Cannot connect to Unity Package Manager local server
Mono: successfully reloaded assembly
- Finished resetting the current domain, in  0.530 seconds
Domain Reload Profiling: 1109ms
	BeginReloadAssembly (134ms)
		ExecutionOrderSort (0ms)
		DisableScriptedObjects (4ms)
		BackupInstance (0ms)
		ReleaseScriptingObjects (0ms)
		CreateAndSetChildDomain (17ms)
	RebuildCommonClasses (30ms)
	RebuildNativeTypeToScriptingClass (13ms)
	initialDomainReloadingComplete (35ms)
	LoadAllAssembliesAndSetupDomain (366ms)
		LoadAssemblies (290ms)
		RebuildTransferFunctionScriptingTraits (0ms)
		AnalyzeDomain (157ms)
			TypeCache.Refresh (137ms)
				TypeCache.ScanAssembly (122ms)
			ScanForSourceGeneratedMonoScriptInfo (14ms)
			ResolveRequiredComponents (5ms)
	FinalizeReload (530ms)
		ReleaseScriptCaches (0ms)
		RebuildScriptCaches (0ms)
		SetupLoadedEditorAssemblies (405ms)
			LogAssemblyErrors (0ms)
			InitializePlatformSupportModulesInManaged (7ms)
			SetLoadedEditorAssemblies (3ms)
			RefreshPlugins (0ms)
			BeforeProcessingInitializeOnLoad (51ms)
			ProcessInitializeOnLoadAttributes (308ms)
			ProcessInitializeOnLoadMethodAttributes (29ms)
			AfterProcessingInitializeOnLoad (6ms)
			EditorAssembliesLoaded (0ms)
		ExecutionOrderSort2 (0ms)
		AwakeInstancesAfterBackupRestoration (6ms)
Launched and connected shader compiler UnityShaderCompiler.exe after 0.04 seconds
Refreshing native plugins compatible for Editor in 4.00 ms, found 3 plugins.
Preloading 0 native plugins for Editor in 0.00 ms.
Unloading 3126 Unused Serialized files (Serialized files now loaded: 0)
Unloading 23 unused Assets / (55.9 KB). Loaded Objects now: 3710.
Memory consumption went from 122.1 MB to 122.0 MB.
Total: 2.601400 ms (FindLiveObjects: 0.222200 ms CreateObjectMapping: 0.091500 ms MarkObjects: 2.202500 ms  DeleteObjects: 0.084300 ms)

AssetImportParameters requested are different than current active one (requested -> active):
  custom:container-demuxer-ogg: 62fdf1f143b41e24485cea50d1cbac27 -> 
  custom:video-decoder-ogg-theora: a1e56fd34408186e4bbccfd4996cb3dc -> 
  custom:framework-win-MediaFoundation: 216162199b28c13a410421893ffa2e32 -> 
  custom:CustomObjectIndexerAttribute: 9a22284fe3817be447336de3de66b15e -> 
  custom:container-demuxer-webm: 4f35f7cbe854078d1ac9338744f61a02 -> 
  custom:container-muxer-webm: aa71ff27fc2769a1b78a27578f13a17b -> 
  custom:video-decoder-webm-vp8: 9c59270c3fd7afecdb556c50c9e8de78 -> 
  custom:SearchIndexIgnoredProperties: e643bd26f0fe6173181afceb89e7c659 -> 
  custom:AudioImporter_EditorPlatform: d09bf68614088b80899f8185d706f6e7 -> 
  custom:video-encoder-webm-vp8: eb34c28f22e8b96e1ab97ce403110664 -> 
  custom:audio-decoder-ogg-vorbis: bf7c407c2cedff20999df2af8eb42d56 -> 
  custom:audio-encoder-webm-vorbis: bf7c407c2cedff20999df2af8eb42d56 -> 
========================================================================
Received Import Request.
  Time since last request: 9814.047954 seconds.
  path: Assets/Texture Car/Car Model No.1201 Asset/Prefab/Car 1.prefab
  artifactKey: Guid(8258fdccd226b584b8dc1c7ac1652db0) Importer(815301076,1909f56bfc062723c751e8b465ee728b)
Start importing Assets/Texture Car/Car Model No.1201 Asset/Prefab/Car 1.prefab using Guid(8258fdccd226b584b8dc1c7ac1652db0) Importer(815301076,1909f56bfc062723c751e8b465ee728b) [PhysX] Initialized MultithreadedTaskDispatcher with 12 workers.
[PhysX] Initialized MultithreadedTaskDispatcher with 12 workers.
 -> (artifact id: '47796919a62f9b1f27518b5e2a27fddf') in 0.126120 seconds
Number of updated asset objects reloaded before import = 0
Number of asset objects unloaded after import = 226
========================================================================
Received Import Request.
  Time since last request: 0.000028 seconds.
  path: Assets/TCB/Resources/Models/Buildings/_Roof/roof2_size10.obj
  artifactKey: Guid(e1a7e4764e72c5e4ea3d80f0af8f6766) Importer(815301076,1909f56bfc062723c751e8b465ee728b)
Start importing Assets/TCB/Resources/Models/Buildings/_Roof/roof2_size10.obj using Guid(e1a7e4764e72c5e4ea3d80f0af8f6766) Importer(815301076,1909f56bfc062723c751e8b465ee728b) [PhysX] Initialized MultithreadedTaskDispatcher with 12 workers.
[PhysX] Initialized MultithreadedTaskDispatcher with 12 workers.
[PhysX] Initialized MultithreadedTaskDispatcher with 12 workers.
[PhysX] Initialized MultithreadedTaskDispatcher with 12 workers.
 -> (artifact id: '90457af00928ddd0a83cd9ab9fb8dc03') in 0.022845 seconds
Number of updated asset objects reloaded before import = 0
Number of asset objects unloaded after import = 13
========================================================================
Received Import Request.
  Time since last request: 0.000013 seconds.
  path: Assets/TCB/Resources/Models/Buildings/_Roof/roof5_size10.obj
  artifactKey: Guid(32eaaca598c12aa40ba9efc3b864587c) Importer(815301076,1909f56bfc062723c751e8b465ee728b)
Start importing Assets/TCB/Resources/Models/Buildings/_Roof/roof5_size10.obj using Guid(32eaaca598c12aa40ba9efc3b864587c) Importer(815301076,1909f56bfc062723c751e8b465ee728b) [PhysX] Initialized MultithreadedTaskDispatcher with 12 workers.
[PhysX] Initialized MultithreadedTaskDispatcher with 12 workers.
[PhysX] Initialized MultithreadedTaskDispatcher with 12 workers.
[PhysX] Initialized MultithreadedTaskDispatcher with 12 workers.
 -> (artifact id: 'b3e6c96719756fd51c97f6d6a1f1a93a') in 0.010674 seconds
Number of updated asset objects reloaded before import = 0
Number of asset objects unloaded after import = 13
========================================================================
Received Import Request.
  Time since last request: 0.000011 seconds.
  path: Assets/Texture Car/Car Model No.1201 Asset/Prefab/Car 3.prefab
  artifactKey: Guid(de53374949c380a43831cdf100ac633d) Importer(815301076,1909f56bfc062723c751e8b465ee728b)
Start importing Assets/Texture Car/Car Model No.1201 Asset/Prefab/Car 3.prefab using Guid(de53374949c380a43831cdf100ac633d) Importer(815301076,1909f56bfc062723c751e8b465ee728b) [PhysX] Initialized MultithreadedTaskDispatcher with 12 workers.
[PhysX] Initialized MultithreadedTaskDispatcher with 12 workers.
 -> (artifact id: 'db78c6b365d2f106d325eeb933d0c281') in 0.019212 seconds
Number of updated asset objects reloaded before import = 0
Number of asset objects unloaded after import = 227
========================================================================
Received Import Request.
  Time since last request: 0.000016 seconds.
  path: Assets/Texture Car/Car Model No.1201 Asset/Prefab/Car 4.prefab
  artifactKey: Guid(28e6efeab80060a44aeb418ac1f92bce) Importer(815301076,1909f56bfc062723c751e8b465ee728b)
Start importing Assets/Texture Car/Car Model No.1201 Asset/Prefab/Car 4.prefab using Guid(28e6efeab80060a44aeb418ac1f92bce) Importer(815301076,1909f56bfc062723c751e8b465ee728b) [PhysX] Initialized MultithreadedTaskDispatcher with 12 workers.
[PhysX] Initialized MultithreadedTaskDispatcher with 12 workers.
 -> (artifact id: '6ee4a6e464ff5ccf5b3088ed7a47e1f1') in 0.018454 seconds
Number of updated asset objects reloaded before import = 0
Number of asset objects unloaded after import = 227
========================================================================
Received Import Request.
  Time since last request: 630.697534 seconds.
  path: Assets/game-ready-city-buildings/textures/metalness.jpeg
  artifactKey: Guid(0ba8881e0edf1ec4f9140062d135857a) Importer(815301076,1909f56bfc062723c751e8b465ee728b)
Start importing Assets/game-ready-city-buildings/textures/metalness.jpeg using Guid(0ba8881e0edf1ec4f9140062d135857a) Importer(815301076,1909f56bfc062723c751e8b465ee728b) [PhysX] Initialized MultithreadedTaskDispatcher with 12 workers.
[PhysX] Initialized MultithreadedTaskDispatcher with 12 workers.
 -> (artifact id: '72aa9496bb0853f67afd92de73e5ceb4') in 0.017353 seconds
Number of updated asset objects reloaded before import = 0
Number of asset objects unloaded after import = 2
========================================================================
Received Import Request.
  Time since last request: 0.000014 seconds.
  path: Assets/game-ready-city-buildings/textures/Roughness.jpeg
  artifactKey: Guid(f40bafcb3d9d6ab4cb3ffa28d7294ff1) Importer(815301076,1909f56bfc062723c751e8b465ee728b)
Start importing Assets/game-ready-city-buildings/textures/Roughness.jpeg using Guid(f40bafcb3d9d6ab4cb3ffa28d7294ff1) Importer(815301076,1909f56bfc062723c751e8b465ee728b) [PhysX] Initialized MultithreadedTaskDispatcher with 12 workers.
[PhysX] Initialized MultithreadedTaskDispatcher with 12 workers.
 -> (artifact id: 'd2283997c08a5dd7602b81aec1b51249') in 0.003029 seconds
Number of updated asset objects reloaded before import = 0
Number of asset objects unloaded after import = 2
========================================================================
Received Import Request.
  Time since last request: 322.628926 seconds.
  path: Assets/TCB/Resources/Texture/Building/Materials/Building1 - NM.mat
  artifactKey: Guid(d1a54f5c7212b884b843b6fa2c997890) Importer(815301076,1909f56bfc062723c751e8b465ee728b)
Start importing Assets/TCB/Resources/Texture/Building/Materials/Building1 - NM.mat using Guid(d1a54f5c7212b884b843b6fa2c997890) Importer(815301076,1909f56bfc062723c751e8b465ee728b) [PhysX] Initialized MultithreadedTaskDispatcher with 12 workers.
[PhysX] Initialized MultithreadedTaskDispatcher with 12 workers.
 -> (artifact id: '104534658094916a9c0e2fbbcc3f3f1c') in 0.021173 seconds
Number of updated asset objects reloaded before import = 0
Number of asset objects unloaded after import = 2
========================================================================
Received Import Request.
  Time since last request: 0.000016 seconds.
  path: Assets/TCB/Resources/Texture/Building/Materials/houseSide.mat
  artifactKey: Guid(213ed365b23bbf541b2895b71e9a00f3) Importer(815301076,1909f56bfc062723c751e8b465ee728b)
Start importing Assets/TCB/Resources/Texture/Building/Materials/houseSide.mat using Guid(213ed365b23bbf541b2895b71e9a00f3) Importer(815301076,1909f56bfc062723c751e8b465ee728b) [PhysX] Initialized MultithreadedTaskDispatcher with 12 workers.
[PhysX] Initialized MultithreadedTaskDispatcher with 12 workers.
 -> (artifact id: 'b30eb50a7afff05c5f1317395772c779') in 0.006282 seconds
Number of updated asset objects reloaded before import = 0
Number of asset objects unloaded after import = 2
========================================================================
Received Import Request.
  Time since last request: 0.000011 seconds.
  path: Assets/TCB/Resources/Texture/Building/Materials/Building10.mat
  artifactKey: Guid(57c4b6b4f8a089747985c4e69158494e) Importer(815301076,1909f56bfc062723c751e8b465ee728b)
Start importing Assets/TCB/Resources/Texture/Building/Materials/Building10.mat using Guid(57c4b6b4f8a089747985c4e69158494e) Importer(815301076,1909f56bfc062723c751e8b465ee728b) [PhysX] Initialized MultithreadedTaskDispatcher with 12 workers.
[PhysX] Initialized MultithreadedTaskDispatcher with 12 workers.
 -> (artifact id: 'cbe52dc5f151698cdad929650995636a') in 0.004856 seconds
Number of updated asset objects reloaded before import = 0
Number of asset objects unloaded after import = 2
========================================================================
Received Import Request.
  Time since last request: 0.000011 seconds.
  path: Assets/TCB/Resources/Texture/Building/Materials/Building27.mat
  artifactKey: Guid(5d1d7ee979ab2e24c98ca5564874008e) Importer(815301076,1909f56bfc062723c751e8b465ee728b)
Start importing Assets/TCB/Resources/Texture/Building/Materials/Building27.mat using Guid(5d1d7ee979ab2e24c98ca5564874008e) Importer(815301076,1909f56bfc062723c751e8b465ee728b) [PhysX] Initialized MultithreadedTaskDispatcher with 12 workers.
[PhysX] Initialized MultithreadedTaskDispatcher with 12 workers.
 -> (artifact id: 'ff957225e80e777a17b5cbd39b67fefd') in 0.004520 seconds
Number of updated asset objects reloaded before import = 0
Number of asset objects unloaded after import = 2
========================================================================
Received Import Request.
  Time since last request: 0.000010 seconds.
  path: Assets/TCB/Resources/Texture/Building/Materials/Building20.mat
  artifactKey: Guid(c71325e69d4d9c74a97f82cee95af63b) Importer(815301076,1909f56bfc062723c751e8b465ee728b)
Start importing Assets/TCB/Resources/Texture/Building/Materials/Building20.mat using Guid(c71325e69d4d9c74a97f82cee95af63b) Importer(815301076,1909f56bfc062723c751e8b465ee728b) [PhysX] Initialized MultithreadedTaskDispatcher with 12 workers.
[PhysX] Initialized MultithreadedTaskDispatcher with 12 workers.
 -> (artifact id: 'e741b5c6299f4ddc9bc49a8269e522f5') in 0.004493 seconds
Number of updated asset objects reloaded before import = 0
Number of asset objects unloaded after import = 2
========================================================================
Received Import Request.
  Time since last request: 0.000010 seconds.
  path: Assets/TCB/Resources/Texture/Building/Materials/Building22.mat
  artifactKey: Guid(f451af60828318846aa8078f0a4dbbf2) Importer(815301076,1909f56bfc062723c751e8b465ee728b)
Start importing Assets/TCB/Resources/Texture/Building/Materials/Building22.mat using Guid(f451af60828318846aa8078f0a4dbbf2) Importer(815301076,1909f56bfc062723c751e8b465ee728b) [PhysX] Initialized MultithreadedTaskDispatcher with 12 workers.
[PhysX] Initialized MultithreadedTaskDispatcher with 12 workers.
 -> (artifact id: '69712b2530a1dc80b56515d15d148334') in 0.004320 seconds
Number of updated asset objects reloaded before import = 0
Number of asset objects unloaded after import = 2
========================================================================
Received Import Request.
  Time since last request: 0.000010 seconds.
  path: Assets/TCB/Resources/Texture/Building/Materials/Building16.mat
  artifactKey: Guid(2aee7149fcc03bb41969860607190b65) Importer(815301076,1909f56bfc062723c751e8b465ee728b)
Start importing Assets/TCB/Resources/Texture/Building/Materials/Building16.mat using Guid(2aee7149fcc03bb41969860607190b65) Importer(815301076,1909f56bfc062723c751e8b465ee728b) [PhysX] Initialized MultithreadedTaskDispatcher with 12 workers.
[PhysX] Initialized MultithreadedTaskDispatcher with 12 workers.
 -> (artifact id: '53ec2097b0abc230f18146062838045c') in 0.004442 seconds
Number of updated asset objects reloaded before import = 0
Number of asset objects unloaded after import = 2
========================================================================
Received Import Request.
  Time since last request: 0.000010 seconds.
  path: Assets/TCB/Resources/Texture/Building/Materials/roofTop.mat
  artifactKey: Guid(50bc969ecb39c5343a9bf4aba92593eb) Importer(815301076,1909f56bfc062723c751e8b465ee728b)
Start importing Assets/TCB/Resources/Texture/Building/Materials/roofTop.mat using Guid(50bc969ecb39c5343a9bf4aba92593eb) Importer(815301076,1909f56bfc062723c751e8b465ee728b) [PhysX] Initialized MultithreadedTaskDispatcher with 12 workers.
[PhysX] Initialized MultithreadedTaskDispatcher with 12 workers.
 -> (artifact id: '6ad77b768a3e2e2d0977a73e49e41eb7') in 0.004572 seconds
Number of updated asset objects reloaded before import = 0
Number of asset objects unloaded after import = 2
========================================================================
Received Import Request.
  Time since last request: 0.000010 seconds.
  path: Assets/TCB/Resources/Texture/Building/Materials/Building14.mat
  artifactKey: Guid(6b86d40873e9cf148ae5f0026f425fe8) Importer(815301076,1909f56bfc062723c751e8b465ee728b)
Start importing Assets/TCB/Resources/Texture/Building/Materials/Building14.mat using Guid(6b86d40873e9cf148ae5f0026f425fe8) Importer(815301076,1909f56bfc062723c751e8b465ee728b) [PhysX] Initialized MultithreadedTaskDispatcher with 12 workers.
[PhysX] Initialized MultithreadedTaskDispatcher with 12 workers.
 -> (artifact id: '23e34a44dfefb40276bcbad37f44de96') in 0.004690 seconds
Number of updated asset objects reloaded before import = 0
Number of asset objects unloaded after import = 2
========================================================================
Received Import Request.
  Time since last request: 0.000009 seconds.
  path: Assets/TCB/Resources/Texture/Building/Materials/Building5.mat
  artifactKey: Guid(1cb1d99370d36564b94a43fe370f9b08) Importer(815301076,1909f56bfc062723c751e8b465ee728b)
Start importing Assets/TCB/Resources/Texture/Building/Materials/Building5.mat using Guid(1cb1d99370d36564b94a43fe370f9b08) Importer(815301076,1909f56bfc062723c751e8b465ee728b) [PhysX] Initialized MultithreadedTaskDispatcher with 12 workers.
[PhysX] Initialized MultithreadedTaskDispatcher with 12 workers.
 -> (artifact id: 'aaad697798f5ae4f5299f0e48ce15515') in 0.004724 seconds
Number of updated asset objects reloaded before import = 0
Number of asset objects unloaded after import = 2
========================================================================
Received Import Request.
  Time since last request: 0.000010 seconds.
  path: Assets/TCB/Resources/Texture/Building/Materials/Building18.mat
  artifactKey: Guid(2b522e9db8613504689e054d0ff4010b) Importer(815301076,1909f56bfc062723c751e8b465ee728b)
Start importing Assets/TCB/Resources/Texture/Building/Materials/Building18.mat using Guid(2b522e9db8613504689e054d0ff4010b) Importer(815301076,1909f56bfc062723c751e8b465ee728b) [PhysX] Initialized MultithreadedTaskDispatcher with 12 workers.
[PhysX] Initialized MultithreadedTaskDispatcher with 12 workers.
 -> (artifact id: '49f99da4f1060ccc333394dd6b43d7cc') in 0.004164 seconds
Number of updated asset objects reloaded before import = 0
Number of asset objects unloaded after import = 2
========================================================================
Received Import Request.
  Time since last request: 0.000010 seconds.
  path: Assets/TCB/Resources/Texture/Building/Materials/Building19.mat
  artifactKey: Guid(54b20c9f1d4eac3438ffa282be4c2410) Importer(815301076,1909f56bfc062723c751e8b465ee728b)
Start importing Assets/TCB/Resources/Texture/Building/Materials/Building19.mat using Guid(54b20c9f1d4eac3438ffa282be4c2410) Importer(815301076,1909f56bfc062723c751e8b465ee728b) [PhysX] Initialized MultithreadedTaskDispatcher with 12 workers.
[PhysX] Initialized MultithreadedTaskDispatcher with 12 workers.
 -> (artifact id: '56873919ba3d6bb3670e129e1e39b892') in 0.004455 seconds
Number of updated asset objects reloaded before import = 0
Number of asset objects unloaded after import = 2
========================================================================
Received Import Request.
  Time since last request: 0.000011 seconds.
  path: Assets/TCB/Resources/Texture/Building/Materials/Building11.mat
  artifactKey: Guid(22d3d6ad183c4d64bbb3a4ad2bf15caf) Importer(815301076,1909f56bfc062723c751e8b465ee728b)
Start importing Assets/TCB/Resources/Texture/Building/Materials/Building11.mat using Guid(22d3d6ad183c4d64bbb3a4ad2bf15caf) Importer(815301076,1909f56bfc062723c751e8b465ee728b) [PhysX] Initialized MultithreadedTaskDispatcher with 12 workers.
[PhysX] Initialized MultithreadedTaskDispatcher with 12 workers.
 -> (artifact id: '2dacd344077e4a0d3a3bf641c73ff9cb') in 0.004712 seconds
Number of updated asset objects reloaded before import = 0
Number of asset objects unloaded after import = 2
========================================================================
Received Import Request.
  Time since last request: 0.000015 seconds.
  path: Assets/TCB/Resources/Texture/Building/Materials/Building9.mat
  artifactKey: Guid(fd90cf8a6bc92fd48b2982f5938359da) Importer(815301076,1909f56bfc062723c751e8b465ee728b)
Start importing Assets/TCB/Resources/Texture/Building/Materials/Building9.mat using Guid(fd90cf8a6bc92fd48b2982f5938359da) Importer(815301076,1909f56bfc062723c751e8b465ee728b) [PhysX] Initialized MultithreadedTaskDispatcher with 12 workers.
[PhysX] Initialized MultithreadedTaskDispatcher with 12 workers.
 -> (artifact id: 'f2e565d463c9b7fb42775b0e953e53ad') in 0.004191 seconds
Number of updated asset objects reloaded before import = 0
Number of asset objects unloaded after import = 2
========================================================================
Received Import Request.
  Time since last request: 0.000013 seconds.
  path: Assets/TCB/Resources/Texture/Building/Materials/Building8.mat
  artifactKey: Guid(2f7ac08aceae84d449010592f8993509) Importer(815301076,1909f56bfc062723c751e8b465ee728b)
Start importing Assets/TCB/Resources/Texture/Building/Materials/Building8.mat using Guid(2f7ac08aceae84d449010592f8993509) Importer(815301076,1909f56bfc062723c751e8b465ee728b) [PhysX] Initialized MultithreadedTaskDispatcher with 12 workers.
[PhysX] Initialized MultithreadedTaskDispatcher with 12 workers.
 -> (artifact id: '6d1e1e5b7d99367b3cceaa09db284fef') in 0.004456 seconds
Number of updated asset objects reloaded before import = 0
Number of asset objects unloaded after import = 2
Editor requested this worker to shutdown with reason: Scaling down because of idle timeout
TcpMessagingSession - receive error: operation aborted. errorcode: 995, details: ќпераци€ ввода/вывода была прервана из-за завершени€ потока команд или по запросу приложени€.
AssetImportWorker is now disconnected from the server
Process exiting
Exiting without the bug reporter. Application will terminate with return code 0